20-Dec-2024 00:30:45.652 INFO [main] org.apache.catalina.startup.VersionLoggerListener.log Server version name:   Apache Tomcat/10.1.34
20-Dec-2024 00:30:45.667 INFO [main] org.apache.catalina.startup.VersionLoggerListener.log Server built:          Dec 5 2024 16:01:16 UTC
20-Dec-2024 00:30:45.667 INFO [main] org.apache.catalina.startup.VersionLoggerListener.log Server version number: 10.1.34.0
20-Dec-2024 00:30:45.668 INFO [main] org.apache.catalina.startup.VersionLoggerListener.log OS Name:               Linux
20-Dec-2024 00:30:45.668 INFO [main] org.apache.catalina.startup.VersionLoggerListener.log OS Version:            5.15.167.4-microsoft-standard-WSL2
20-Dec-2024 00:30:45.668 INFO [main] org.apache.catalina.startup.VersionLoggerListener.log Architecture:          amd64
20-Dec-2024 00:30:45.668 INFO [main] org.apache.catalina.startup.VersionLoggerListener.log Java Home:             /opt/java/openjdk
20-Dec-2024 00:30:45.668 INFO [main] org.apache.catalina.startup.VersionLoggerListener.log JVM Version:           21.0.5+11-LTS
20-Dec-2024 00:30:45.668 INFO [main] org.apache.catalina.startup.VersionLoggerListener.log JVM Vendor:            Eclipse Adoptium
20-Dec-2024 00:30:45.668 INFO [main] org.apache.catalina.startup.VersionLoggerListener.log CATALINA_BASE:         /usr/local/tomcat
20-Dec-2024 00:30:45.668 INFO [main] org.apache.catalina.startup.VersionLoggerListener.log CATALINA_HOME:         /usr/local/tomcat
20-Dec-2024 00:30:45.709 INFO [main] org.apache.catalina.startup.VersionLoggerListener.log Command line argument: -Djava.util.logging.config.file=/usr/local/tomcat/conf/logging.properties
20-Dec-2024 00:30:45.709 INFO [main] org.apache.catalina.startup.VersionLoggerListener.log Command line argument: -Djava.util.logging.manager=org.apache.juli.ClassLoaderLogManager
20-Dec-2024 00:30:45.709 INFO [main] org.apache.catalina.startup.VersionLoggerListener.log Command line argument: -Djdk.tls.ephemeralDHKeySize=2048
20-Dec-2024 00:30:45.709 INFO [main] org.apache.catalina.startup.VersionLoggerListener.log Command line argument: -Djava.protocol.handler.pkgs=org.apache.catalina.webresources
20-Dec-2024 00:30:45.710 INFO [main] org.apache.catalina.startup.VersionLoggerListener.log Command line argument: -Dorg.apache.catalina.security.SecurityListener.UMASK=0027
20-Dec-2024 00:30:45.710 INFO [main] org.apache.catalina.startup.VersionLoggerListener.log Command line argument: --add-opens=java.base/java.lang=ALL-UNNAMED
20-Dec-2024 00:30:45.710 INFO [main] org.apache.catalina.startup.VersionLoggerListener.log Command line argument: --add-opens=java.base/java.io=ALL-UNNAMED
20-Dec-2024 00:30:45.710 INFO [main] org.apache.catalina.startup.VersionLoggerListener.log Command line argument: --add-opens=java.base/java.util=ALL-UNNAMED
20-Dec-2024 00:30:45.710 INFO [main] org.apache.catalina.startup.VersionLoggerListener.log Command line argument: --add-opens=java.base/java.util.concurrent=ALL-UNNAMED
20-Dec-2024 00:30:45.710 INFO [main] org.apache.catalina.startup.VersionLoggerListener.log Command line argument: --add-opens=java.rmi/sun.rmi.transport=ALL-UNNAMED
20-Dec-2024 00:30:45.710 INFO [main] org.apache.catalina.startup.VersionLoggerListener.log Command line argument: -Dcatalina.base=/usr/local/tomcat
20-Dec-2024 00:30:45.711 INFO [main] org.apache.catalina.startup.VersionLoggerListener.log Command line argument: -Dcatalina.home=/usr/local/tomcat
20-Dec-2024 00:30:45.711 INFO [main] org.apache.catalina.startup.VersionLoggerListener.log Command line argument: -Djava.io.tmpdir=/usr/local/tomcat/temp
20-Dec-2024 00:30:45.748 INFO [main] org.apache.catalina.core.AprLifecycleListener.lifecycleEvent Loaded Apache Tomcat Native library [2.0.8] using APR version [1.7.2].
20-Dec-2024 00:30:45.771 INFO [main] org.apache.catalina.core.AprLifecycleListener.initializeSSL OpenSSL successfully initialized [OpenSSL 3.0.13 30 Jan 2024]
20-Dec-2024 00:30:46.356 INFO [main] org.apache.coyote.AbstractProtocol.init Initializing ProtocolHandler ["http-nio-8080"]
20-Dec-2024 00:30:46.429 INFO [main] org.apache.catalina.startup.Catalina.load Server initialization in [1150] milliseconds
20-Dec-2024 00:30:46.532 INFO [main] org.apache.catalina.core.StandardService.startInternal Starting service [Catalina]
20-Dec-2024 00:30:46.532 INFO [main] org.apache.catalina.core.StandardEngine.startInternal Starting Servlet engine: [Apache Tomcat/10.1.34]
20-Dec-2024 00:30:46.573 INFO [main] org.apache.catalina.startup.HostConfig.deployWAR Deploying web application archive [/usr/local/tomcat/webapps/provaweb3.war]
20-Dec-2024 00:30:48.832 INFO [main] org.apache.jasper.servlet.TldScanner.scanJars At least one JAR was scanned for TLDs yet contained no TLDs. Enable debug logging for this logger for a complete list of JARs that were scanned but no TLDs were found in them. Skipping unneeded JARs during scanning can improve startup time and JSP compilation time.
20-Dec-2024 00:30:52.923 INFO [main] org.apache.catalina.startup.HostConfig.deployWAR Deployment of web application archive [/usr/local/tomcat/webapps/provaweb3.war] has finished in [6,349] ms
20-Dec-2024 00:30:52.930 INFO [main] org.apache.coyote.AbstractProtocol.start Starting ProtocolHandler ["http-nio-8080"]
20-Dec-2024 00:30:53.000 INFO [main] org.apache.catalina.startup.Catalina.start Server startup in [6577] milliseconds
20-Dec-2024 01:08:17.318 INFO [Thread-1] org.apache.coyote.AbstractProtocol.pause Pausing ProtocolHandler ["http-nio-8080"]
20-Dec-2024 01:08:17.604 INFO [Thread-1] org.apache.catalina.core.StandardService.stopInternal Stopping service [Catalina]
20-Dec-2024 01:08:18.080 INFO [Thread-1] org.apache.coyote.AbstractProtocol.stop Stopping ProtocolHandler ["http-nio-8080"]
20-Dec-2024 01:08:18.110 INFO [Thread-1] org.apache.coyote.AbstractProtocol.destroy Destroying ProtocolHandler ["http-nio-8080"]
20-Dec-2024 01:09:01.509 INFO [main] org.apache.catalina.startup.VersionLoggerListener.log Server version name:   Apache Tomcat/10.1.34
20-Dec-2024 01:09:01.515 INFO [main] org.apache.catalina.startup.VersionLoggerListener.log Server built:          Dec 5 2024 16:01:16 UTC
20-Dec-2024 01:09:01.516 INFO [main] org.apache.catalina.startup.VersionLoggerListener.log Server version number: 10.1.34.0
20-Dec-2024 01:09:01.516 INFO [main] org.apache.catalina.startup.VersionLoggerListener.log OS Name:               Linux
20-Dec-2024 01:09:01.516 INFO [main] org.apache.catalina.startup.VersionLoggerListener.log OS Version:            5.15.167.4-microsoft-standard-WSL2
20-Dec-2024 01:09:01.516 INFO [main] org.apache.catalina.startup.VersionLoggerListener.log Architecture:          amd64
20-Dec-2024 01:09:01.517 INFO [main] org.apache.catalina.startup.VersionLoggerListener.log Java Home:             /opt/java/openjdk
20-Dec-2024 01:09:01.517 INFO [main] org.apache.catalina.startup.VersionLoggerListener.log JVM Version:           21.0.5+11-LTS
20-Dec-2024 01:09:01.517 INFO [main] org.apache.catalina.startup.VersionLoggerListener.log JVM Vendor:            Eclipse Adoptium
20-Dec-2024 01:09:01.517 INFO [main] org.apache.catalina.startup.VersionLoggerListener.log CATALINA_BASE:         /usr/local/tomcat
20-Dec-2024 01:09:01.518 INFO [main] org.apache.catalina.startup.VersionLoggerListener.log CATALINA_HOME:         /usr/local/tomcat
20-Dec-2024 01:09:01.533 INFO [main] org.apache.catalina.startup.VersionLoggerListener.log Command line argument: -Djava.util.logging.config.file=/usr/local/tomcat/conf/logging.properties
20-Dec-2024 01:09:01.533 INFO [main] org.apache.catalina.startup.VersionLoggerListener.log Command line argument: -Djava.util.logging.manager=org.apache.juli.ClassLoaderLogManager
20-Dec-2024 01:09:01.533 INFO [main] org.apache.catalina.startup.VersionLoggerListener.log Command line argument: -Djdk.tls.ephemeralDHKeySize=2048
20-Dec-2024 01:09:01.533 INFO [main] org.apache.catalina.startup.VersionLoggerListener.log Command line argument: -Djava.protocol.handler.pkgs=org.apache.catalina.webresources
20-Dec-2024 01:09:01.533 INFO [main] org.apache.catalina.startup.VersionLoggerListener.log Command line argument: -Dorg.apache.catalina.security.SecurityListener.UMASK=0027
20-Dec-2024 01:09:01.533 INFO [main] org.apache.catalina.startup.VersionLoggerListener.log Command line argument: --add-opens=java.base/java.lang=ALL-UNNAMED
20-Dec-2024 01:09:01.534 INFO [main] org.apache.catalina.startup.VersionLoggerListener.log Command line argument: --add-opens=java.base/java.io=ALL-UNNAMED
20-Dec-2024 01:09:01.534 INFO [main] org.apache.catalina.startup.VersionLoggerListener.log Command line argument: --add-opens=java.base/java.util=ALL-UNNAMED
20-Dec-2024 01:09:01.534 INFO [main] org.apache.catalina.startup.VersionLoggerListener.log Command line argument: --add-opens=java.base/java.util.concurrent=ALL-UNNAMED
20-Dec-2024 01:09:01.534 INFO [main] org.apache.catalina.startup.VersionLoggerListener.log Command line argument: --add-opens=java.rmi/sun.rmi.transport=ALL-UNNAMED
20-Dec-2024 01:09:01.534 INFO [main] org.apache.catalina.startup.VersionLoggerListener.log Command line argument: -Dcatalina.base=/usr/local/tomcat
20-Dec-2024 01:09:01.534 INFO [main] org.apache.catalina.startup.VersionLoggerListener.log Command line argument: -Dcatalina.home=/usr/local/tomcat
20-Dec-2024 01:09:01.535 INFO [main] org.apache.catalina.startup.VersionLoggerListener.log Command line argument: -Djava.io.tmpdir=/usr/local/tomcat/temp
20-Dec-2024 01:09:01.550 INFO [main] org.apache.catalina.core.AprLifecycleListener.lifecycleEvent Loaded Apache Tomcat Native library [2.0.8] using APR version [1.7.2].
20-Dec-2024 01:09:01.565 INFO [main] org.apache.catalina.core.AprLifecycleListener.initializeSSL OpenSSL successfully initialized [OpenSSL 3.0.13 30 Jan 2024]
20-Dec-2024 01:09:02.211 INFO [main] org.apache.coyote.AbstractProtocol.init Initializing ProtocolHandler ["http-nio-8080"]
20-Dec-2024 01:09:02.308 INFO [main] org.apache.catalina.startup.Catalina.load Server initialization in [999] milliseconds
20-Dec-2024 01:09:02.430 INFO [main] org.apache.catalina.core.StandardService.startInternal Starting service [Catalina]
20-Dec-2024 01:09:02.431 INFO [main] org.apache.catalina.core.StandardEngine.startInternal Starting Servlet engine: [Apache Tomcat/10.1.34]
20-Dec-2024 01:09:02.505 INFO [main] org.apache.catalina.startup.HostConfig.deployWAR Deploying web application archive [/usr/local/tomcat/webapps/provaweb3.war]
20-Dec-2024 01:09:03.807 INFO [main] org.apache.jasper.servlet.TldScanner.scanJars At least one JAR was scanned for TLDs yet contained no TLDs. Enable debug logging for this logger for a complete list of JARs that were scanned but no TLDs were found in them. Skipping unneeded JARs during scanning can improve startup time and JSP compilation time.
20-Dec-2024 01:09:05.456 INFO [main] org.apache.catalina.startup.HostConfig.deployWAR Deployment of web application archive [/usr/local/tomcat/webapps/provaweb3.war] has finished in [2,950] ms
20-Dec-2024 01:09:05.464 INFO [main] org.apache.coyote.AbstractProtocol.start Starting ProtocolHandler ["http-nio-8080"]
20-Dec-2024 01:09:05.479 INFO [main] org.apache.catalina.startup.Catalina.start Server startup in [3166] milliseconds
20-Dec-2024 01:15:26.731 INFO [Thread-1] org.apache.coyote.AbstractProtocol.pause Pausing ProtocolHandler ["http-nio-8080"]
20-Dec-2024 01:15:26.970 INFO [Thread-1] org.apache.catalina.core.StandardService.stopInternal Stopping service [Catalina]
20-Dec-2024 01:15:27.537 INFO [Thread-1] org.apache.coyote.AbstractProtocol.stop Stopping ProtocolHandler ["http-nio-8080"]
20-Dec-2024 01:15:27.564 INFO [Thread-1] org.apache.coyote.AbstractProtocol.destroy Destroying ProtocolHandler ["http-nio-8080"]
20-Dec-2024 01:15:46.424 INFO [main] org.apache.catalina.startup.VersionLoggerListener.log Server version name:   Apache Tomcat/10.1.34
20-Dec-2024 01:15:46.438 INFO [main] org.apache.catalina.startup.VersionLoggerListener.log Server built:          Dec 5 2024 16:01:16 UTC
20-Dec-2024 01:15:46.438 INFO [main] org.apache.catalina.startup.VersionLoggerListener.log Server version number: 10.1.34.0
20-Dec-2024 01:15:46.438 INFO [main] org.apache.catalina.startup.VersionLoggerListener.log OS Name:               Linux
20-Dec-2024 01:15:46.438 INFO [main] org.apache.catalina.startup.VersionLoggerListener.log OS Version:            5.15.167.4-microsoft-standard-WSL2
20-Dec-2024 01:15:46.439 INFO [main] org.apache.catalina.startup.VersionLoggerListener.log Architecture:          amd64
20-Dec-2024 01:15:46.439 INFO [main] org.apache.catalina.startup.VersionLoggerListener.log Java Home:             /opt/java/openjdk
20-Dec-2024 01:15:46.439 INFO [main] org.apache.catalina.startup.VersionLoggerListener.log JVM Version:           21.0.5+11-LTS
20-Dec-2024 01:15:46.439 INFO [main] org.apache.catalina.startup.VersionLoggerListener.log JVM Vendor:            Eclipse Adoptium
20-Dec-2024 01:15:46.439 INFO [main] org.apache.catalina.startup.VersionLoggerListener.log CATALINA_BASE:         /usr/local/tomcat
20-Dec-2024 01:15:46.439 INFO [main] org.apache.catalina.startup.VersionLoggerListener.log CATALINA_HOME:         /usr/local/tomcat
20-Dec-2024 01:15:46.467 INFO [main] org.apache.catalina.startup.VersionLoggerListener.log Command line argument: -Djava.util.logging.config.file=/usr/local/tomcat/conf/logging.properties
20-Dec-2024 01:15:46.468 INFO [main] org.apache.catalina.startup.VersionLoggerListener.log Command line argument: -Djava.util.logging.manager=org.apache.juli.ClassLoaderLogManager
20-Dec-2024 01:15:46.468 INFO [main] org.apache.catalina.startup.VersionLoggerListener.log Command line argument: -Djdk.tls.ephemeralDHKeySize=2048
20-Dec-2024 01:15:46.468 INFO [main] org.apache.catalina.startup.VersionLoggerListener.log Command line argument: -Djava.protocol.handler.pkgs=org.apache.catalina.webresources
20-Dec-2024 01:15:46.468 INFO [main] org.apache.catalina.startup.VersionLoggerListener.log Command line argument: -Dorg.apache.catalina.security.SecurityListener.UMASK=0027
20-Dec-2024 01:15:46.468 INFO [main] org.apache.catalina.startup.VersionLoggerListener.log Command line argument: --add-opens=java.base/java.lang=ALL-UNNAMED
20-Dec-2024 01:15:46.468 INFO [main] org.apache.catalina.startup.VersionLoggerListener.log Command line argument: --add-opens=java.base/java.io=ALL-UNNAMED
20-Dec-2024 01:15:46.468 INFO [main] org.apache.catalina.startup.VersionLoggerListener.log Command line argument: --add-opens=java.base/java.util=ALL-UNNAMED
20-Dec-2024 01:15:46.469 INFO [main] org.apache.catalina.startup.VersionLoggerListener.log Command line argument: --add-opens=java.base/java.util.concurrent=ALL-UNNAMED
20-Dec-2024 01:15:46.471 INFO [main] org.apache.catalina.startup.VersionLoggerListener.log Command line argument: --add-opens=java.rmi/sun.rmi.transport=ALL-UNNAMED
20-Dec-2024 01:15:46.472 INFO [main] org.apache.catalina.startup.VersionLoggerListener.log Command line argument: -Dcatalina.base=/usr/local/tomcat
20-Dec-2024 01:15:46.473 INFO [main] org.apache.catalina.startup.VersionLoggerListener.log Command line argument: -Dcatalina.home=/usr/local/tomcat
20-Dec-2024 01:15:46.473 INFO [main] org.apache.catalina.startup.VersionLoggerListener.log Command line argument: -Djava.io.tmpdir=/usr/local/tomcat/temp
20-Dec-2024 01:15:46.501 INFO [main] org.apache.catalina.core.AprLifecycleListener.lifecycleEvent Loaded Apache Tomcat Native library [2.0.8] using APR version [1.7.2].
20-Dec-2024 01:15:46.517 INFO [main] org.apache.catalina.core.AprLifecycleListener.initializeSSL OpenSSL successfully initialized [OpenSSL 3.0.13 30 Jan 2024]
20-Dec-2024 01:15:47.459 INFO [main] org.apache.coyote.AbstractProtocol.init Initializing ProtocolHandler ["http-nio-8080"]
20-Dec-2024 01:15:47.556 INFO [main] org.apache.catalina.startup.Catalina.load Server initialization in [1478] milliseconds
20-Dec-2024 01:15:47.773 INFO [main] org.apache.catalina.core.StandardService.startInternal Starting service [Catalina]
20-Dec-2024 01:15:47.774 INFO [main] org.apache.catalina.core.StandardEngine.startInternal Starting Servlet engine: [Apache Tomcat/10.1.34]
20-Dec-2024 01:15:47.848 INFO [main] org.apache.catalina.startup.HostConfig.deployWAR Deploying web application archive [/usr/local/tomcat/webapps/provaweb3.war]
20-Dec-2024 01:15:49.528 INFO [main] org.apache.jasper.servlet.TldScanner.scanJars At least one JAR was scanned for TLDs yet contained no TLDs. Enable debug logging for this logger for a complete list of JARs that were scanned but no TLDs were found in them. Skipping unneeded JARs during scanning can improve startup time and JSP compilation time.
20-Dec-2024 01:15:50.471 INFO [main] org.apache.catalina.startup.HostConfig.deployWAR Deployment of web application archive [/usr/local/tomcat/webapps/provaweb3.war] has finished in [2,624] ms
20-Dec-2024 01:15:50.478 INFO [main] org.apache.coyote.AbstractProtocol.start Starting ProtocolHandler ["http-nio-8080"]
20-Dec-2024 01:15:50.491 INFO [main] org.apache.catalina.startup.Catalina.start Server startup in [2934] milliseconds
20-Dec-2024 01:16:57.214 INFO [Thread-1] org.apache.coyote.AbstractProtocol.pause Pausing ProtocolHandler ["http-nio-8080"]
20-Dec-2024 01:16:57.225 INFO [Thread-1] org.apache.catalina.core.StandardService.stopInternal Stopping service [Catalina]
20-Dec-2024 01:16:57.260 INFO [Thread-1] org.apache.coyote.AbstractProtocol.stop Stopping ProtocolHandler ["http-nio-8080"]
20-Dec-2024 01:16:57.270 INFO [Thread-1] org.apache.coyote.AbstractProtocol.destroy Destroying ProtocolHandler ["http-nio-8080"]
20-Dec-2024 01:17:13.124 INFO [main] org.apache.catalina.startup.VersionLoggerListener.log Server version name:   Apache Tomcat/10.1.34
20-Dec-2024 01:17:13.134 INFO [main] org.apache.catalina.startup.VersionLoggerListener.log Server built:          Dec 5 2024 16:01:16 UTC
20-Dec-2024 01:17:13.134 INFO [main] org.apache.catalina.startup.VersionLoggerListener.log Server version number: 10.1.34.0
20-Dec-2024 01:17:13.135 INFO [main] org.apache.catalina.startup.VersionLoggerListener.log OS Name:               Linux
20-Dec-2024 01:17:13.135 INFO [main] org.apache.catalina.startup.VersionLoggerListener.log OS Version:            5.15.167.4-microsoft-standard-WSL2
20-Dec-2024 01:17:13.135 INFO [main] org.apache.catalina.startup.VersionLoggerListener.log Architecture:          amd64
20-Dec-2024 01:17:13.135 INFO [main] org.apache.catalina.startup.VersionLoggerListener.log Java Home:             /opt/java/openjdk
20-Dec-2024 01:17:13.135 INFO [main] org.apache.catalina.startup.VersionLoggerListener.log JVM Version:           21.0.5+11-LTS
20-Dec-2024 01:17:13.136 INFO [main] org.apache.catalina.startup.VersionLoggerListener.log JVM Vendor:            Eclipse Adoptium
20-Dec-2024 01:17:13.136 INFO [main] org.apache.catalina.startup.VersionLoggerListener.log CATALINA_BASE:         /usr/local/tomcat
20-Dec-2024 01:17:13.136 INFO [main] org.apache.catalina.startup.VersionLoggerListener.log CATALINA_HOME:         /usr/local/tomcat
20-Dec-2024 01:17:13.148 INFO [main] org.apache.catalina.startup.VersionLoggerListener.log Command line argument: -Djava.util.logging.config.file=/usr/local/tomcat/conf/logging.properties
20-Dec-2024 01:17:13.148 INFO [main] org.apache.catalina.startup.VersionLoggerListener.log Command line argument: -Djava.util.logging.manager=org.apache.juli.ClassLoaderLogManager
20-Dec-2024 01:17:13.148 INFO [main] org.apache.catalina.startup.VersionLoggerListener.log Command line argument: -Djdk.tls.ephemeralDHKeySize=2048
20-Dec-2024 01:17:13.148 INFO [main] org.apache.catalina.startup.VersionLoggerListener.log Command line argument: -Djava.protocol.handler.pkgs=org.apache.catalina.webresources
20-Dec-2024 01:17:13.148 INFO [main] org.apache.catalina.startup.VersionLoggerListener.log Command line argument: -Dorg.apache.catalina.security.SecurityListener.UMASK=0027
20-Dec-2024 01:17:13.149 INFO [main] org.apache.catalina.startup.VersionLoggerListener.log Command line argument: --add-opens=java.base/java.lang=ALL-UNNAMED
20-Dec-2024 01:17:13.149 INFO [main] org.apache.catalina.startup.VersionLoggerListener.log Command line argument: --add-opens=java.base/java.io=ALL-UNNAMED
20-Dec-2024 01:17:13.149 INFO [main] org.apache.catalina.startup.VersionLoggerListener.log Command line argument: --add-opens=java.base/java.util=ALL-UNNAMED
20-Dec-2024 01:17:13.149 INFO [main] org.apache.catalina.startup.VersionLoggerListener.log Command line argument: --add-opens=java.base/java.util.concurrent=ALL-UNNAMED
20-Dec-2024 01:17:13.149 INFO [main] org.apache.catalina.startup.VersionLoggerListener.log Command line argument: --add-opens=java.rmi/sun.rmi.transport=ALL-UNNAMED
20-Dec-2024 01:17:13.150 INFO [main] org.apache.catalina.startup.VersionLoggerListener.log Command line argument: -Dcatalina.base=/usr/local/tomcat
20-Dec-2024 01:17:13.150 INFO [main] org.apache.catalina.startup.VersionLoggerListener.log Command line argument: -Dcatalina.home=/usr/local/tomcat
20-Dec-2024 01:17:13.150 INFO [main] org.apache.catalina.startup.VersionLoggerListener.log Command line argument: -Djava.io.tmpdir=/usr/local/tomcat/temp
20-Dec-2024 01:17:13.164 INFO [main] org.apache.catalina.core.AprLifecycleListener.lifecycleEvent Loaded Apache Tomcat Native library [2.0.8] using APR version [1.7.2].
20-Dec-2024 01:17:13.173 INFO [main] org.apache.catalina.core.AprLifecycleListener.initializeSSL OpenSSL successfully initialized [OpenSSL 3.0.13 30 Jan 2024]
20-Dec-2024 01:17:13.782 INFO [main] org.apache.coyote.AbstractProtocol.init Initializing ProtocolHandler ["http-nio-8080"]
20-Dec-2024 01:17:13.813 INFO [main] org.apache.catalina.startup.Catalina.load Server initialization in [953] milliseconds
20-Dec-2024 01:17:13.885 INFO [main] org.apache.catalina.core.StandardService.startInternal Starting service [Catalina]
20-Dec-2024 01:17:13.886 INFO [main] org.apache.catalina.core.StandardEngine.startInternal Starting Servlet engine: [Apache Tomcat/10.1.34]
20-Dec-2024 01:17:13.923 INFO [main] org.apache.catalina.startup.HostConfig.deployWAR Deploying web application archive [/usr/local/tomcat/webapps/provaweb3.war]
20-Dec-2024 01:17:14.797 INFO [main] org.apache.jasper.servlet.TldScanner.scanJars At least one JAR was scanned for TLDs yet contained no TLDs. Enable debug logging for this logger for a complete list of JARs that were scanned but no TLDs were found in them. Skipping unneeded JARs during scanning can improve startup time and JSP compilation time.
20-Dec-2024 01:17:15.914 INFO [main] org.apache.catalina.startup.HostConfig.deployWAR Deployment of web application archive [/usr/local/tomcat/webapps/provaweb3.war] has finished in [1,992] ms
20-Dec-2024 01:17:15.920 INFO [main] org.apache.coyote.AbstractProtocol.start Starting ProtocolHandler ["http-nio-8080"]
20-Dec-2024 01:17:15.932 INFO [main] org.apache.catalina.startup.Catalina.start Server startup in [2117] milliseconds
20-Dec-2024 01:18:16.551 INFO [Thread-1] org.apache.coyote.AbstractProtocol.pause Pausing ProtocolHandler ["http-nio-8080"]
20-Dec-2024 01:18:16.582 INFO [Thread-1] org.apache.catalina.core.StandardService.stopInternal Stopping service [Catalina]
20-Dec-2024 01:18:16.661 INFO [Thread-1] org.apache.coyote.AbstractProtocol.stop Stopping ProtocolHandler ["http-nio-8080"]
20-Dec-2024 01:18:16.668 INFO [Thread-1] org.apache.coyote.AbstractProtocol.destroy Destroying ProtocolHandler ["http-nio-8080"]
20-Dec-2024 01:18:32.634 INFO [main] org.apache.catalina.startup.VersionLoggerListener.log Server version name:   Apache Tomcat/10.1.34
20-Dec-2024 01:18:32.641 INFO [main] org.apache.catalina.startup.VersionLoggerListener.log Server built:          Dec 5 2024 16:01:16 UTC
20-Dec-2024 01:18:32.642 INFO [main] org.apache.catalina.startup.VersionLoggerListener.log Server version number: 10.1.34.0
20-Dec-2024 01:18:32.642 INFO [main] org.apache.catalina.startup.VersionLoggerListener.log OS Name:               Linux
20-Dec-2024 01:18:32.642 INFO [main] org.apache.catalina.startup.VersionLoggerListener.log OS Version:            5.15.167.4-microsoft-standard-WSL2
20-Dec-2024 01:18:32.642 INFO [main] org.apache.catalina.startup.VersionLoggerListener.log Architecture:          amd64
20-Dec-2024 01:18:32.642 INFO [main] org.apache.catalina.startup.VersionLoggerListener.log Java Home:             /opt/java/openjdk
20-Dec-2024 01:18:32.642 INFO [main] org.apache.catalina.startup.VersionLoggerListener.log JVM Version:           21.0.5+11-LTS
20-Dec-2024 01:18:32.642 INFO [main] org.apache.catalina.startup.VersionLoggerListener.log JVM Vendor:            Eclipse Adoptium
20-Dec-2024 01:18:32.643 INFO [main] org.apache.catalina.startup.VersionLoggerListener.log CATALINA_BASE:         /usr/local/tomcat
20-Dec-2024 01:18:32.643 INFO [main] org.apache.catalina.startup.VersionLoggerListener.log CATALINA_HOME:         /usr/local/tomcat
20-Dec-2024 01:18:32.653 INFO [main] org.apache.catalina.startup.VersionLoggerListener.log Command line argument: -Djava.util.logging.config.file=/usr/local/tomcat/conf/logging.properties
20-Dec-2024 01:18:32.653 INFO [main] org.apache.catalina.startup.VersionLoggerListener.log Command line argument: -Djava.util.logging.manager=org.apache.juli.ClassLoaderLogManager
20-Dec-2024 01:18:32.653 INFO [main] org.apache.catalina.startup.VersionLoggerListener.log Command line argument: -Djdk.tls.ephemeralDHKeySize=2048
20-Dec-2024 01:18:32.654 INFO [main] org.apache.catalina.startup.VersionLoggerListener.log Command line argument: -Djava.protocol.handler.pkgs=org.apache.catalina.webresources
20-Dec-2024 01:18:32.654 INFO [main] org.apache.catalina.startup.VersionLoggerListener.log Command line argument: -Dorg.apache.catalina.security.SecurityListener.UMASK=0027
20-Dec-2024 01:18:32.654 INFO [main] org.apache.catalina.startup.VersionLoggerListener.log Command line argument: --add-opens=java.base/java.lang=ALL-UNNAMED
20-Dec-2024 01:18:32.654 INFO [main] org.apache.catalina.startup.VersionLoggerListener.log Command line argument: --add-opens=java.base/java.io=ALL-UNNAMED
20-Dec-2024 01:18:32.654 INFO [main] org.apache.catalina.startup.VersionLoggerListener.log Command line argument: --add-opens=java.base/java.util=ALL-UNNAMED
20-Dec-2024 01:18:32.655 INFO [main] org.apache.catalina.startup.VersionLoggerListener.log Command line argument: --add-opens=java.base/java.util.concurrent=ALL-UNNAMED
20-Dec-2024 01:18:32.655 INFO [main] org.apache.catalina.startup.VersionLoggerListener.log Command line argument: --add-opens=java.rmi/sun.rmi.transport=ALL-UNNAMED
20-Dec-2024 01:18:32.655 INFO [main] org.apache.catalina.startup.VersionLoggerListener.log Command line argument: -Dcatalina.base=/usr/local/tomcat
20-Dec-2024 01:18:32.655 INFO [main] org.apache.catalina.startup.VersionLoggerListener.log Command line argument: -Dcatalina.home=/usr/local/tomcat
20-Dec-2024 01:18:32.655 INFO [main] org.apache.catalina.startup.VersionLoggerListener.log Command line argument: -Djava.io.tmpdir=/usr/local/tomcat/temp
20-Dec-2024 01:18:32.667 INFO [main] org.apache.catalina.core.AprLifecycleListener.lifecycleEvent Loaded Apache Tomcat Native library [2.0.8] using APR version [1.7.2].
20-Dec-2024 01:18:32.675 INFO [main] org.apache.catalina.core.AprLifecycleListener.initializeSSL OpenSSL successfully initialized [OpenSSL 3.0.13 30 Jan 2024]
20-Dec-2024 01:18:33.760 INFO [main] org.apache.coyote.AbstractProtocol.init Initializing ProtocolHandler ["http-nio-8080"]
20-Dec-2024 01:18:33.800 INFO [main] org.apache.catalina.startup.Catalina.load Server initialization in [1310] milliseconds
20-Dec-2024 01:18:33.869 INFO [main] org.apache.catalina.core.StandardService.startInternal Starting service [Catalina]
20-Dec-2024 01:18:33.870 INFO [main] org.apache.catalina.core.StandardEngine.startInternal Starting Servlet engine: [Apache Tomcat/10.1.34]
20-Dec-2024 01:18:33.895 INFO [main] org.apache.catalina.startup.HostConfig.deployWAR Deploying web application archive [/usr/local/tomcat/webapps/provaweb3.war]
20-Dec-2024 01:18:34.980 INFO [main] org.apache.jasper.servlet.TldScanner.scanJars At least one JAR was scanned for TLDs yet contained no TLDs. Enable debug logging for this logger for a complete list of JARs that were scanned but no TLDs were found in them. Skipping unneeded JARs during scanning can improve startup time and JSP compilation time.
20-Dec-2024 01:18:36.122 INFO [main] org.apache.catalina.startup.HostConfig.deployWAR Deployment of web application archive [/usr/local/tomcat/webapps/provaweb3.war] has finished in [2,227] ms
20-Dec-2024 01:18:36.125 INFO [main] org.apache.coyote.AbstractProtocol.start Starting ProtocolHandler ["http-nio-8080"]
20-Dec-2024 01:18:36.136 INFO [main] org.apache.catalina.startup.Catalina.start Server startup in [2333] milliseconds
20-Dec-2024 01:23:14.286 INFO [Thread-1] org.apache.coyote.AbstractProtocol.pause Pausing ProtocolHandler ["http-nio-8080"]
20-Dec-2024 01:23:14.372 INFO [Thread-1] org.apache.catalina.core.StandardService.stopInternal Stopping service [Catalina]
20-Dec-2024 01:23:14.599 INFO [Thread-1] org.apache.coyote.AbstractProtocol.stop Stopping ProtocolHandler ["http-nio-8080"]
20-Dec-2024 01:23:14.615 INFO [Thread-1] org.apache.coyote.AbstractProtocol.destroy Destroying ProtocolHandler ["http-nio-8080"]
20-Dec-2024 01:23:33.180 INFO [main] org.apache.catalina.startup.VersionLoggerListener.log Server version name:   Apache Tomcat/10.1.34
20-Dec-2024 01:23:33.189 INFO [main] org.apache.catalina.startup.VersionLoggerListener.log Server built:          Dec 5 2024 16:01:16 UTC
20-Dec-2024 01:23:33.189 INFO [main] org.apache.catalina.startup.VersionLoggerListener.log Server version number: 10.1.34.0
20-Dec-2024 01:23:33.189 INFO [main] org.apache.catalina.startup.VersionLoggerListener.log OS Name:               Linux
20-Dec-2024 01:23:33.190 INFO [main] org.apache.catalina.startup.VersionLoggerListener.log OS Version:            5.15.167.4-microsoft-standard-WSL2
20-Dec-2024 01:23:33.190 INFO [main] org.apache.catalina.startup.VersionLoggerListener.log Architecture:          amd64
20-Dec-2024 01:23:33.190 INFO [main] org.apache.catalina.startup.VersionLoggerListener.log Java Home:             /opt/java/openjdk
20-Dec-2024 01:23:33.190 INFO [main] org.apache.catalina.startup.VersionLoggerListener.log JVM Version:           21.0.5+11-LTS
20-Dec-2024 01:23:33.190 INFO [main] org.apache.catalina.startup.VersionLoggerListener.log JVM Vendor:            Eclipse Adoptium
20-Dec-2024 01:23:33.190 INFO [main] org.apache.catalina.startup.VersionLoggerListener.log CATALINA_BASE:         /usr/local/tomcat
20-Dec-2024 01:23:33.190 INFO [main] org.apache.catalina.startup.VersionLoggerListener.log CATALINA_HOME:         /usr/local/tomcat
20-Dec-2024 01:23:33.208 INFO [main] org.apache.catalina.startup.VersionLoggerListener.log Command line argument: -Djava.util.logging.config.file=/usr/local/tomcat/conf/logging.properties
20-Dec-2024 01:23:33.208 INFO [main] org.apache.catalina.startup.VersionLoggerListener.log Command line argument: -Djava.util.logging.manager=org.apache.juli.ClassLoaderLogManager
20-Dec-2024 01:23:33.208 INFO [main] org.apache.catalina.startup.VersionLoggerListener.log Command line argument: -Djdk.tls.ephemeralDHKeySize=2048
20-Dec-2024 01:23:33.208 INFO [main] org.apache.catalina.startup.VersionLoggerListener.log Command line argument: -Djava.protocol.handler.pkgs=org.apache.catalina.webresources
20-Dec-2024 01:23:33.209 INFO [main] org.apache.catalina.startup.VersionLoggerListener.log Command line argument: -Dorg.apache.catalina.security.SecurityListener.UMASK=0027
20-Dec-2024 01:23:33.209 INFO [main] org.apache.catalina.startup.VersionLoggerListener.log Command line argument: --add-opens=java.base/java.lang=ALL-UNNAMED
20-Dec-2024 01:23:33.209 INFO [main] org.apache.catalina.startup.VersionLoggerListener.log Command line argument: --add-opens=java.base/java.io=ALL-UNNAMED
20-Dec-2024 01:23:33.209 INFO [main] org.apache.catalina.startup.VersionLoggerListener.log Command line argument: --add-opens=java.base/java.util=ALL-UNNAMED
20-Dec-2024 01:23:33.210 INFO [main] org.apache.catalina.startup.VersionLoggerListener.log Command line argument: --add-opens=java.base/java.util.concurrent=ALL-UNNAMED
20-Dec-2024 01:23:33.210 INFO [main] org.apache.catalina.startup.VersionLoggerListener.log Command line argument: --add-opens=java.rmi/sun.rmi.transport=ALL-UNNAMED
20-Dec-2024 01:23:33.211 INFO [main] org.apache.catalina.startup.VersionLoggerListener.log Command line argument: -Dcatalina.base=/usr/local/tomcat
20-Dec-2024 01:23:33.211 INFO [main] org.apache.catalina.startup.VersionLoggerListener.log Command line argument: -Dcatalina.home=/usr/local/tomcat
20-Dec-2024 01:23:33.211 INFO [main] org.apache.catalina.startup.VersionLoggerListener.log Command line argument: -Djava.io.tmpdir=/usr/local/tomcat/temp
20-Dec-2024 01:23:33.230 INFO [main] org.apache.catalina.core.AprLifecycleListener.lifecycleEvent Loaded Apache Tomcat Native library [2.0.8] using APR version [1.7.2].
20-Dec-2024 01:23:33.242 INFO [main] org.apache.catalina.core.AprLifecycleListener.initializeSSL OpenSSL successfully initialized [OpenSSL 3.0.13 30 Jan 2024]
20-Dec-2024 01:23:33.623 INFO [main] org.apache.coyote.AbstractProtocol.init Initializing ProtocolHandler ["http-nio-8080"]
20-Dec-2024 01:23:33.647 INFO [main] org.apache.catalina.startup.Catalina.load Server initialization in [654] milliseconds
20-Dec-2024 01:23:33.735 INFO [main] org.apache.catalina.core.StandardService.startInternal Starting service [Catalina]
20-Dec-2024 01:23:33.735 INFO [main] org.apache.catalina.core.StandardEngine.startInternal Starting Servlet engine: [Apache Tomcat/10.1.34]
20-Dec-2024 01:23:33.770 INFO [main] org.apache.catalina.startup.HostConfig.deployWAR Deploying web application archive [/usr/local/tomcat/webapps/provaweb3.war]
20-Dec-2024 01:23:34.607 INFO [main] org.apache.jasper.servlet.TldScanner.scanJars At least one JAR was scanned for TLDs yet contained no TLDs. Enable debug logging for this logger for a complete list of JARs that were scanned but no TLDs were found in them. Skipping unneeded JARs during scanning can improve startup time and JSP compilation time.
20-Dec-2024 01:23:35.547 INFO [main] org.apache.catalina.startup.HostConfig.deployWAR Deployment of web application archive [/usr/local/tomcat/webapps/provaweb3.war] has finished in [1,777] ms
20-Dec-2024 01:23:35.552 INFO [main] org.apache.coyote.AbstractProtocol.start Starting ProtocolHandler ["http-nio-8080"]
20-Dec-2024 01:23:35.570 INFO [main] org.apache.catalina.startup.Catalina.start Server startup in [1921] milliseconds
20-Dec-2024 01:25:42.369 INFO [Thread-1] org.apache.coyote.AbstractProtocol.pause Pausing ProtocolHandler ["http-nio-8080"]
20-Dec-2024 01:25:42.379 INFO [Thread-1] org.apache.catalina.core.StandardService.stopInternal Stopping service [Catalina]
20-Dec-2024 01:25:42.437 INFO [Thread-1] org.apache.coyote.AbstractProtocol.stop Stopping ProtocolHandler ["http-nio-8080"]
20-Dec-2024 01:25:42.445 INFO [Thread-1] org.apache.coyote.AbstractProtocol.destroy Destroying ProtocolHandler ["http-nio-8080"]
20-Dec-2024 01:25:55.314 INFO [main] org.apache.catalina.startup.VersionLoggerListener.log Server version name:   Apache Tomcat/10.1.34
20-Dec-2024 01:25:55.318 INFO [main] org.apache.catalina.startup.VersionLoggerListener.log Server built:          Dec 5 2024 16:01:16 UTC
20-Dec-2024 01:25:55.318 INFO [main] org.apache.catalina.startup.VersionLoggerListener.log Server version number: 10.1.34.0
20-Dec-2024 01:25:55.318 INFO [main] org.apache.catalina.startup.VersionLoggerListener.log OS Name:               Linux
20-Dec-2024 01:25:55.318 INFO [main] org.apache.catalina.startup.VersionLoggerListener.log OS Version:            5.15.167.4-microsoft-standard-WSL2
20-Dec-2024 01:25:55.318 INFO [main] org.apache.catalina.startup.VersionLoggerListener.log Architecture:          amd64
20-Dec-2024 01:25:55.319 INFO [main] org.apache.catalina.startup.VersionLoggerListener.log Java Home:             /opt/java/openjdk
20-Dec-2024 01:25:55.319 INFO [main] org.apache.catalina.startup.VersionLoggerListener.log JVM Version:           21.0.5+11-LTS
20-Dec-2024 01:25:55.319 INFO [main] org.apache.catalina.startup.VersionLoggerListener.log JVM Vendor:            Eclipse Adoptium
20-Dec-2024 01:25:55.319 INFO [main] org.apache.catalina.startup.VersionLoggerListener.log CATALINA_BASE:         /usr/local/tomcat
20-Dec-2024 01:25:55.319 INFO [main] org.apache.catalina.startup.VersionLoggerListener.log CATALINA_HOME:         /usr/local/tomcat
20-Dec-2024 01:25:55.328 INFO [main] org.apache.catalina.startup.VersionLoggerListener.log Command line argument: -Djava.util.logging.config.file=/usr/local/tomcat/conf/logging.properties
20-Dec-2024 01:25:55.328 INFO [main] org.apache.catalina.startup.VersionLoggerListener.log Command line argument: -Djava.util.logging.manager=org.apache.juli.ClassLoaderLogManager
20-Dec-2024 01:25:55.328 INFO [main] org.apache.catalina.startup.VersionLoggerListener.log Command line argument: -Djdk.tls.ephemeralDHKeySize=2048
20-Dec-2024 01:25:55.328 INFO [main] org.apache.catalina.startup.VersionLoggerListener.log Command line argument: -Djava.protocol.handler.pkgs=org.apache.catalina.webresources
20-Dec-2024 01:25:55.328 INFO [main] org.apache.catalina.startup.VersionLoggerListener.log Command line argument: -Dorg.apache.catalina.security.SecurityListener.UMASK=0027
20-Dec-2024 01:25:55.329 INFO [main] org.apache.catalina.startup.VersionLoggerListener.log Command line argument: --add-opens=java.base/java.lang=ALL-UNNAMED
20-Dec-2024 01:25:55.329 INFO [main] org.apache.catalina.startup.VersionLoggerListener.log Command line argument: --add-opens=java.base/java.io=ALL-UNNAMED
20-Dec-2024 01:25:55.329 INFO [main] org.apache.catalina.startup.VersionLoggerListener.log Command line argument: --add-opens=java.base/java.util=ALL-UNNAMED
20-Dec-2024 01:25:55.329 INFO [main] org.apache.catalina.startup.VersionLoggerListener.log Command line argument: --add-opens=java.base/java.util.concurrent=ALL-UNNAMED
20-Dec-2024 01:25:55.329 INFO [main] org.apache.catalina.startup.VersionLoggerListener.log Command line argument: --add-opens=java.rmi/sun.rmi.transport=ALL-UNNAMED
20-Dec-2024 01:25:55.329 INFO [main] org.apache.catalina.startup.VersionLoggerListener.log Command line argument: -Dcatalina.base=/usr/local/tomcat
20-Dec-2024 01:25:55.330 INFO [main] org.apache.catalina.startup.VersionLoggerListener.log Command line argument: -Dcatalina.home=/usr/local/tomcat
20-Dec-2024 01:25:55.330 INFO [main] org.apache.catalina.startup.VersionLoggerListener.log Command line argument: -Djava.io.tmpdir=/usr/local/tomcat/temp
20-Dec-2024 01:25:55.338 INFO [main] org.apache.catalina.core.AprLifecycleListener.lifecycleEvent Loaded Apache Tomcat Native library [2.0.8] using APR version [1.7.2].
20-Dec-2024 01:25:55.345 INFO [main] org.apache.catalina.core.AprLifecycleListener.initializeSSL OpenSSL successfully initialized [OpenSSL 3.0.13 30 Jan 2024]
20-Dec-2024 01:25:55.664 INFO [main] org.apache.coyote.AbstractProtocol.init Initializing ProtocolHandler ["http-nio-8080"]
20-Dec-2024 01:25:55.686 INFO [main] org.apache.catalina.startup.Catalina.load Server initialization in [505] milliseconds
20-Dec-2024 01:25:55.766 INFO [main] org.apache.catalina.core.StandardService.startInternal Starting service [Catalina]
20-Dec-2024 01:25:55.766 INFO [main] org.apache.catalina.core.StandardEngine.startInternal Starting Servlet engine: [Apache Tomcat/10.1.34]
20-Dec-2024 01:25:55.791 INFO [main] org.apache.catalina.startup.HostConfig.deployWAR Deploying web application archive [/usr/local/tomcat/webapps/provaweb3.war]
20-Dec-2024 01:25:56.674 INFO [main] org.apache.jasper.servlet.TldScanner.scanJars At least one JAR was scanned for TLDs yet contained no TLDs. Enable debug logging for this logger for a complete list of JARs that were scanned but no TLDs were found in them. Skipping unneeded JARs during scanning can improve startup time and JSP compilation time.
20-Dec-2024 01:25:58.191 INFO [main] org.apache.catalina.startup.HostConfig.deployWAR Deployment of web application archive [/usr/local/tomcat/webapps/provaweb3.war] has finished in [2,400] ms
20-Dec-2024 01:25:58.196 INFO [main] org.apache.coyote.AbstractProtocol.start Starting ProtocolHandler ["http-nio-8080"]
20-Dec-2024 01:25:58.206 INFO [main] org.apache.catalina.startup.Catalina.start Server startup in [2517] milliseconds
20-Dec-2024 01:28:23.209 INFO [Thread-1] org.apache.coyote.AbstractProtocol.pause Pausing ProtocolHandler ["http-nio-8080"]
20-Dec-2024 01:28:23.404 INFO [Thread-1] org.apache.catalina.core.StandardService.stopInternal Stopping service [Catalina]
20-Dec-2024 01:28:23.896 INFO [Thread-1] org.apache.coyote.AbstractProtocol.stop Stopping ProtocolHandler ["http-nio-8080"]
20-Dec-2024 01:28:23.915 INFO [Thread-1] org.apache.coyote.AbstractProtocol.destroy Destroying ProtocolHandler ["http-nio-8080"]
20-Dec-2024 01:28:44.764 INFO [main] org.apache.catalina.startup.VersionLoggerListener.log Server version name:   Apache Tomcat/10.1.34
20-Dec-2024 01:28:44.774 INFO [main] org.apache.catalina.startup.VersionLoggerListener.log Server built:          Dec 5 2024 16:01:16 UTC
20-Dec-2024 01:28:44.774 INFO [main] org.apache.catalina.startup.VersionLoggerListener.log Server version number: 10.1.34.0
20-Dec-2024 01:28:44.774 INFO [main] org.apache.catalina.startup.VersionLoggerListener.log OS Name:               Linux
20-Dec-2024 01:28:44.774 INFO [main] org.apache.catalina.startup.VersionLoggerListener.log OS Version:            5.15.167.4-microsoft-standard-WSL2
20-Dec-2024 01:28:44.775 INFO [main] org.apache.catalina.startup.VersionLoggerListener.log Architecture:          amd64
20-Dec-2024 01:28:44.775 INFO [main] org.apache.catalina.startup.VersionLoggerListener.log Java Home:             /opt/java/openjdk
20-Dec-2024 01:28:44.775 INFO [main] org.apache.catalina.startup.VersionLoggerListener.log JVM Version:           21.0.5+11-LTS
20-Dec-2024 01:28:44.775 INFO [main] org.apache.catalina.startup.VersionLoggerListener.log JVM Vendor:            Eclipse Adoptium
20-Dec-2024 01:28:44.775 INFO [main] org.apache.catalina.startup.VersionLoggerListener.log CATALINA_BASE:         /usr/local/tomcat
20-Dec-2024 01:28:44.775 INFO [main] org.apache.catalina.startup.VersionLoggerListener.log CATALINA_HOME:         /usr/local/tomcat
20-Dec-2024 01:28:44.824 INFO [main] org.apache.catalina.startup.VersionLoggerListener.log Command line argument: -Djava.util.logging.config.file=/usr/local/tomcat/conf/logging.properties
20-Dec-2024 01:28:44.824 INFO [main] org.apache.catalina.startup.VersionLoggerListener.log Command line argument: -Djava.util.logging.manager=org.apache.juli.ClassLoaderLogManager
20-Dec-2024 01:28:44.825 INFO [main] org.apache.catalina.startup.VersionLoggerListener.log Command line argument: -Djdk.tls.ephemeralDHKeySize=2048
20-Dec-2024 01:28:44.825 INFO [main] org.apache.catalina.startup.VersionLoggerListener.log Command line argument: -Djava.protocol.handler.pkgs=org.apache.catalina.webresources
20-Dec-2024 01:28:44.825 INFO [main] org.apache.catalina.startup.VersionLoggerListener.log Command line argument: -Dorg.apache.catalina.security.SecurityListener.UMASK=0027
20-Dec-2024 01:28:44.825 INFO [main] org.apache.catalina.startup.VersionLoggerListener.log Command line argument: --add-opens=java.base/java.lang=ALL-UNNAMED
20-Dec-2024 01:28:44.826 INFO [main] org.apache.catalina.startup.VersionLoggerListener.log Command line argument: --add-opens=java.base/java.io=ALL-UNNAMED
20-Dec-2024 01:28:44.826 INFO [main] org.apache.catalina.startup.VersionLoggerListener.log Command line argument: --add-opens=java.base/java.util=ALL-UNNAMED
20-Dec-2024 01:28:44.826 INFO [main] org.apache.catalina.startup.VersionLoggerListener.log Command line argument: --add-opens=java.base/java.util.concurrent=ALL-UNNAMED
20-Dec-2024 01:28:44.826 INFO [main] org.apache.catalina.startup.VersionLoggerListener.log Command line argument: --add-opens=java.rmi/sun.rmi.transport=ALL-UNNAMED
20-Dec-2024 01:28:44.826 INFO [main] org.apache.catalina.startup.VersionLoggerListener.log Command line argument: -Dcatalina.base=/usr/local/tomcat
20-Dec-2024 01:28:44.827 INFO [main] org.apache.catalina.startup.VersionLoggerListener.log Command line argument: -Dcatalina.home=/usr/local/tomcat
20-Dec-2024 01:28:44.827 INFO [main] org.apache.catalina.startup.VersionLoggerListener.log Command line argument: -Djava.io.tmpdir=/usr/local/tomcat/temp
20-Dec-2024 01:28:44.888 INFO [main] org.apache.catalina.core.AprLifecycleListener.lifecycleEvent Loaded Apache Tomcat Native library [2.0.8] using APR version [1.7.2].
20-Dec-2024 01:28:44.922 INFO [main] org.apache.catalina.core.AprLifecycleListener.initializeSSL OpenSSL successfully initialized [OpenSSL 3.0.13 30 Jan 2024]
20-Dec-2024 01:28:45.609 INFO [main] org.apache.coyote.AbstractProtocol.init Initializing ProtocolHandler ["http-nio-8080"]
20-Dec-2024 01:28:45.666 INFO [main] org.apache.catalina.startup.Catalina.load Server initialization in [2067] milliseconds
20-Dec-2024 01:28:45.839 INFO [main] org.apache.catalina.core.StandardService.startInternal Starting service [Catalina]
20-Dec-2024 01:28:45.839 INFO [main] org.apache.catalina.core.StandardEngine.startInternal Starting Servlet engine: [Apache Tomcat/10.1.34]
20-Dec-2024 01:28:46.002 INFO [main] org.apache.catalina.startup.HostConfig.deployWAR Deploying web application archive [/usr/local/tomcat/webapps/provaweb3.war]
20-Dec-2024 01:28:47.255 INFO [main] org.apache.jasper.servlet.TldScanner.scanJars At least one JAR was scanned for TLDs yet contained no TLDs. Enable debug logging for this logger for a complete list of JARs that were scanned but no TLDs were found in them. Skipping unneeded JARs during scanning can improve startup time and JSP compilation time.
20-Dec-2024 01:28:48.717 INFO [main] org.apache.catalina.startup.HostConfig.deployWAR Deployment of web application archive [/usr/local/tomcat/webapps/provaweb3.war] has finished in [2,715] ms
20-Dec-2024 01:28:48.721 INFO [main] org.apache.coyote.AbstractProtocol.start Starting ProtocolHandler ["http-nio-8080"]
20-Dec-2024 01:28:48.744 INFO [main] org.apache.catalina.startup.Catalina.start Server startup in [3075] milliseconds
20-Dec-2024 03:59:25.978 INFO [Thread-1] org.apache.coyote.AbstractProtocol.pause Pausing ProtocolHandler ["http-nio-8080"]
20-Dec-2024 03:59:26.230 INFO [Thread-1] org.apache.catalina.core.StandardService.stopInternal Stopping service [Catalina]
20-Dec-2024 03:59:26.569 INFO [Thread-1] org.apache.coyote.AbstractProtocol.stop Stopping ProtocolHandler ["http-nio-8080"]
20-Dec-2024 03:59:26.595 INFO [Thread-1] org.apache.coyote.AbstractProtocol.destroy Destroying ProtocolHandler ["http-nio-8080"]
